
ff: parsing domain file
domain 'MENU_SEMANAL' defined
 ... done.
ff: parsing problem file
problem 'MENU-SEMANAL-EXTENSION5' defined
 ... done.


metric established (normalized to minimize): ((1.00*[RF0](PRECIO_TOTAL)) - () + 0.00)

checking for cyclic := effects --- OK.

ff: search configuration is  best-first on 1*g(s) + 5*h(s) where
    metric is ((1.00*[RF0](PRECIO_TOTAL)) - () + 0.00)

advancing to distance:   25
                         23
                         21
                         18
                         17
                         15
                         13
                         11
                          9
                          8
                          7
                          6
                          5
                          4